<?xml version="1.0" encoding="UTF-8"?>
<testsuite xmlns:xsi="http://www.w3.org/2001/XMLSchema-instance" xsi:noNamespaceSchemaLocation="https://maven.apache.org/surefire/maven-surefire-plugin/xsd/surefire-test-report.xsd" name="com.github.vitalliuss.helloci.AppTest" time="0.03" tests="5" errors="0" skipped="1" failures="0">
  <properties>
    <property name="sun.desktop" value="gnome"/>
    <property name="awt.toolkit" value="sun.awt.X11.XToolkit"/>
    <property name="java.specification.version" value="11"/>
    <property name="sun.cpu.isalist" value=""/>
    <property name="sun.jnu.encoding" value="UTF-8"/>
    <property name="java.class.path" value="/home/pirozhok/lab_4_testing/testing_BSU_2021/lab_4/helloci/Java/target/test-classes:/home/pirozhok/lab_4_testing/testing_BSU_2021/lab_4/helloci/Java/target/classes:/home/pirozhok/.m2/repository/junit/junit/4.13.2/junit-4.13.2.jar:/home/pirozhok/.m2/repository/org/hamcrest/hamcrest-core/1.3/hamcrest-core-1.3.jar:"/>
    <property name="java.vm.vendor" value="Ubuntu"/>
    <property name="sun.arch.data.model" value="64"/>
    <property name="java.vendor.url" value="https://ubuntu.com/"/>
    <property name="user.timezone" value=""/>
    <property name="java.vm.specification.version" value="11"/>
    <property name="os.name" value="Linux"/>
    <property name="sun.java.launcher" value="SUN_STANDARD"/>
    <property name="user.country" value="RU"/>
    <property name="sun.boot.library.path" value="/usr/lib/jvm/java-11-openjdk-amd64/lib"/>
    <property name="sun.java.command" value="/home/pirozhok/lab_4_testing/testing_BSU_2021/lab_4/helloci/Java/target/surefire/surefirebooter10845958106276309310.jar /home/pirozhok/lab_4_testing/testing_BSU_2021/lab_4/helloci/Java/target/surefire 2021-10-11T10-39-06_394-jvmRun1 surefire3568037971394575134tmp surefire_015408436770865657609tmp"/>
    <property name="jdk.debug" value="release"/>
    <property name="surefire.test.class.path" value="/home/pirozhok/lab_4_testing/testing_BSU_2021/lab_4/helloci/Java/target/test-classes:/home/pirozhok/lab_4_testing/testing_BSU_2021/lab_4/helloci/Java/target/classes:/home/pirozhok/.m2/repository/junit/junit/4.13.2/junit-4.13.2.jar:/home/pirozhok/.m2/repository/org/hamcrest/hamcrest-core/1.3/hamcrest-core-1.3.jar:"/>
    <property name="sun.cpu.endian" value="little"/>
    <property name="user.home" value="/home/pirozhok"/>
    <property name="user.language" value="ru"/>
    <property name="java.specification.vendor" value="Oracle Corporation"/>
    <property name="java.version.date" value="2021-04-20"/>
    <property name="java.home" value="/usr/lib/jvm/java-11-openjdk-amd64"/>
    <property name="file.separator" value="/"/>
    <property name="basedir" value="/home/pirozhok/lab_4_testing/testing_BSU_2021/lab_4/helloci/Java"/>
    <property name="java.vm.compressedOopsMode" value="32-bit"/>
    <property name="line.separator" value="&#10;"/>
    <property name="java.specification.name" value="Java Platform API Specification"/>
    <property name="java.vm.specification.vendor" value="Oracle Corporation"/>
    <property name="java.awt.graphicsenv" value="sun.awt.X11GraphicsEnvironment"/>
    <property name="surefire.real.class.path" value="/home/pirozhok/lab_4_testing/testing_BSU_2021/lab_4/helloci/Java/target/surefire/surefirebooter10845958106276309310.jar"/>
    <property name="sun.management.compiler" value="HotSpot 64-Bit Tiered Compilers"/>
    <property name="java.runtime.version" value="11.0.11+9-Ubuntu-0ubuntu2.20.04"/>
    <property name="user.name" value="pirozhok"/>
    <property name="path.separator" value=":"/>
    <property name="os.version" value="5.11.0-37-generic"/>
    <property name="java.runtime.name" value="OpenJDK Runtime Environment"/>
    <property name="file.encoding" value="UTF-8"/>
    <property name="java.vm.name" value="OpenJDK 64-Bit Server VM"/>
    <property name="localRepository" value="/home/pirozhok/.m2/repository"/>
    <property name="java.vendor.url.bug" value="https://bugs.launchpad.net/ubuntu/+source/openjdk-lts"/>
    <property name="java.io.tmpdir" value="/tmp"/>
    <property name="java.version" value="11.0.11"/>
    <property name="user.dir" value="/home/pirozhok/lab_4_testing/testing_BSU_2021/lab_4/helloci/Java"/>
    <property name="os.arch" value="amd64"/>
    <property name="java.vm.specification.name" value="Java Virtual Machine Specification"/>
    <property name="java.awt.printerjob" value="sun.print.PSPrinterJob"/>
    <property name="sun.os.patch.level" value="unknown"/>
    <property name="java.library.path" value="/usr/java/packages/lib:/usr/lib/x86_64-linux-gnu/jni:/lib/x86_64-linux-gnu:/usr/lib/x86_64-linux-gnu:/usr/lib/jni:/lib:/usr/lib"/>
    <property name="java.vm.info" value="mixed mode, sharing"/>
    <property name="java.vendor" value="Ubuntu"/>
    <property name="java.vm.version" value="11.0.11+9-Ubuntu-0ubuntu2.20.04"/>
    <property name="sun.io.unicode.encoding" value="UnicodeLittle"/>
    <property name="java.class.version" value="55.0"/>
  </properties>
  <testcase name="testShouldBeFailed" classname="com.github.vitalliuss.helloci.AppTest" time="0.002"/>
  <testcase name="testShouldBePassed" classname="com.github.vitalliuss.helloci.AppTest" time="0"/>
  <testcase name="testAnotherMethod" classname="com.github.vitalliuss.helloci.AppTest" time="0"/>
  <testcase name="testAnotherClass" classname="com.github.vitalliuss.helloci.AppTest" time="0"/>
  <testcase name="testShouldBeSKipped" classname="com.github.vitalliuss.helloci.AppTest" time="0">
    <skipped message="Not implemented yet"/>
  </testcase>
</testsuite>