<?xml version="1.0" encoding="UTF-8"?>
<!-- Generated by org.testng.reporters.JUnitReportReporter -->
<testsuite hostname="pirozhok-GF63-8RC" failures="0" tests="1" name="org.testing.test.SearchResultOnTravellingPageTest" time="22.704" errors="0" timestamp="2021-11-21T00:53:33 MSK" skipped="0">
  <testcase classname="org.testing.test.SearchResultOnTravellingPageTest" name="testSearchAviaTicketsForTravel" time="22.704"/>
  <system-out/>
</testsuite> <!-- org.testing.test.SearchResultOnTravellingPageTest -->
