<?xml version="1.0" encoding="UTF-8"?>
<!-- Generated by org.testng.reporters.JUnitReportReporter -->
<testsuite hostname="pirozhok-GF63-8RC" failures="0" tests="1" name="tests.TravelSmorodinaAviaPageTest" time="3.914" errors="0" timestamp="2021-11-15T14:10:59 MSK" skipped="0">
  <testcase classname="tests.TravelSmorodinaAviaPageTest" name="testSearchAviaTicketsWithoutDate" time="3.914"/>
</testsuite> <!-- tests.TravelSmorodinaAviaPageTest -->
