<?xml version="1.0" encoding="UTF-8"?>
<!-- Generated by org.testng.reporters.JUnitReportReporter -->
<testsuite hostname="pirozhok-GF63-8RC" failures="0" tests="1" name="tests.TravelYandexTrainsPageTest" time="7.551" errors="0" timestamp="2021-11-15T14:41:24 MSK" skipped="0">
  <testcase classname="tests.TravelYandexTrainsPageTest" name="testSearchResultForTrainTicketsWithoutEnteringDate" time="7.551"/>
</testsuite> <!-- tests.TravelYandexTrainsPageTest -->
