<?xml version="1.0" encoding="UTF-8"?>
<!-- Generated by org.testng.reporters.JUnitReportReporter -->
<testsuite hostname="pirozhok-GF63-8RC" failures="0" tests="1" name="tests.TravelYandexTrainsPageTest" time="34.647" errors="0" timestamp="2021-11-15T01:06:51 MSK" skipped="0">
  <testcase classname="tests.TravelYandexTrainsPageTest" name="testSearchResultForTrainTicketsWithoutEnteringDate" time="34.647"/>
</testsuite> <!-- tests.TravelYandexTrainsPageTest -->
