<?xml version="1.0" encoding="UTF-8"?>
<!-- Generated by org.testng.reporters.JUnitReportReporter -->
<testsuite hostname="pirozhok-GF63-8RC" failures="0" tests="1" name="tests.TravelYandexTrainsPageTest" time="19.836" errors="0" timestamp="2021-11-15T01:37:42 MSK" skipped="0">
  <testcase classname="tests.TravelYandexTrainsPageTest" name="testSearchResultForTrainTicketsWithoutEnteringDate" time="19.836"/>
</testsuite> <!-- tests.TravelYandexTrainsPageTest -->
